TN:
SF:.eslintrc.js
FNF:0
FNH:0
DA:1,0
LF:1
LH:0
BRF:0
BRH:0
end_of_record
TN:
SF:controllers\gameController.js
FN:7,(anonymous_0)
FN:13,(anonymous_1)
FN:48,(anonymous_2)
FNF:3
FNH:3
FNDA:8,(anonymous_0)
FNDA:4,(anonymous_1)
FNDA:4,(anonymous_2)
DA:4,1
DA:8,8
DA:9,8
DA:10,8
DA:14,4
DA:15,4
DA:17,4
DA:19,4
DA:24,4
DA:25,1
DA:29,3
DA:36,2
DA:38,2
DA:43,1
DA:44,1
DA:49,4
DA:50,4
DA:51,4
DA:53,4
DA:55,4
DA:59,4
DA:60,1
DA:63,3
DA:64,1
DA:68,2
DA:73,2
DA:74,0
DA:78,2
DA:84,2
DA:92,1
DA:97,1
DA:98,1
DA:103,1
LF:33
LH:32
BRDA:24,0,0,1
BRDA:24,0,1,3
BRDA:59,1,0,1
BRDA:59,1,1,3
BRDA:63,2,0,1
BRDA:63,2,1,2
BRDA:73,3,0,0
BRDA:73,3,1,2
BRF:8
BRH:7
end_of_record
TN:
SF:routes\gameRoutes.js
FN:7,(anonymous_0)
FN:9,(anonymous_1)
FN:14,(anonymous_2)
FNF:3
FNH:0
FNDA:0,(anonymous_0)
FNDA:0,(anonymous_1)
FNDA:0,(anonymous_2)
DA:4,0
DA:5,0
DA:7,0
DA:9,0
DA:10,0
DA:14,0
DA:15,0
DA:18,0
LF:8
LH:0
BRF:0
BRH:0
end_of_record
TN:
SF:services\themeValidationService.js
FN:5,(anonymous_0)
FN:9,(anonymous_1)
FNF:2
FNH:2
FNDA:14,(anonymous_0)
FNDA:12,(anonymous_1)
DA:6,14
DA:10,12
DA:11,4
DA:15,8
DA:20,8
DA:21,1
DA:24,7
DA:27,7
DA:28,3
DA:32,4
DA:37,4
DA:38,2
DA:44,2
DA:48,2
LF:14
LH:14
BRDA:10,0,0,4
BRDA:10,0,1,8
BRDA:20,1,0,1
BRDA:20,1,1,7
BRDA:27,2,0,3
BRDA:27,2,1,4
BRDA:37,3,0,2
BRDA:37,3,1,2
BRF:8
BRH:8
end_of_record
TN:
SF:services\websocketService.js
FN:5,(anonymous_0)
FN:9,(anonymous_1)
FN:16,(anonymous_2)
FN:26,(anonymous_3)
FN:36,(anonymous_4)
FN:47,(anonymous_5)
FN:50,(anonymous_6)
FN:58,(anonymous_7)
FNF:8
FNH:7
FNDA:10,(anonymous_0)
FNDA:12,(anonymous_1)
FNDA:4,(anonymous_2)
FNDA:3,(anonymous_3)
FNDA:4,(anonymous_4)
FNDA:2,(anonymous_5)
FNDA:1,(anonymous_6)
FNDA:0,(anonymous_7)
DA:6,10
DA:10,12
DA:11,8
DA:13,12
DA:17,4
DA:18,4
DA:19,3
DA:20,3
DA:21,2
DA:27,3
DA:28,3
DA:30,1
DA:31,1
DA:34,2
DA:36,2
DA:37,4
DA:39,3
DA:44,2
DA:48,2
DA:50,2
DA:51,1
DA:55,2
DA:64,1
LF:23
LH:23
BRDA:10,0,0,8
BRDA:10,0,1,4
BRDA:18,1,0,3
BRDA:18,1,1,1
BRDA:20,2,0,2
BRDA:20,2,1,1
BRDA:28,3,0,1
BRDA:28,3,1,2
BRDA:37,4,0,3
BRDA:37,4,1,1
BRF:10
BRH:10
end_of_record
